{"name": "При клике на вопрос открывается соответствующий текст ответа", "status": "broken", "statusDetails": {"message": "selenium.common.exceptions.TimeoutException: Message:", "trace": "self = <tests.test_questions.TestQuestions object at 0x04774940>\nbrowser = <selenium.webdriver.firefox.webdriver.WebDriver (session=\"ab2b05a2-ef8f-4ffe-9378-ef93649c65a3\")>, question_number = 2\n\n    @allure.description('При клике на вопрос открывается соответствующий текст ответа')\n    @allure.title('При клике на вопрос открывается соответствующий текст ответа')\n    def test_question(self, browser, question_number):\n        browser.get('https://qa-scooter.praktikum-services.ru/')\n        questions_page = QuestionsPage(browser)\n        if question_number == 1:\n            questions_page.click_first_question()\n            assert questions_page.get_first_answer() == 'Сутки — 400 рублей. Оплата курьеру — наличными или картой.'\n        elif question_number == 2:\n>           questions_page.click_second_question()\n\ntests\\test_questions.py:16: \n_ _ _ _ _ _ _ _ _ _ _ _ _ _ _ _ _ _ _ _ _ _ _ _ _ _ _ _ _ _ _ _ _ _ _ _ _ _ _ _ _ _ _ _ _ _ _ _ _ _ _ _ _ _ _ _ _ _ _ _ _ _ _ _ _ _ _ _ _ _ _ \npage_objects\\quistions_page.py:25: in click_second_question\n    element = WebDriverWait(self.browser, 30).until(\n_ _ _ _ _ _ _ _ _ _ _ _ _ _ _ _ _ _ _ _ _ _ _ _ _ _ _ _ _ _ _ _ _ _ _ _ _ _ _ _ _ _ _ _ _ _ _ _ _ _ _ _ _ _ _ _ _ _ _ _ _ _ _ _ _ _ _ _ _ _ _ \n\nself = <selenium.webdriver.support.wait.WebDriverWait (session=\"ab2b05a2-ef8f-4ffe-9378-ef93649c65a3\")>\nmethod = <function visibility_of_element_located.<locals>._predicate at 0x04AF82F8>, message = ''\n\n    def until(self, method, message: str = \"\"):\n        \"\"\"Calls the method provided with the driver as an argument until the \\\n        return value does not evaluate to ``False``.\n    \n        :param method: callable(WebDriver)\n        :param message: optional message for :exc:`TimeoutException`\n        :returns: the result of the last call to `method`\n        :raises: :exc:`selenium.common.exceptions.TimeoutException` if timeout occurs\n        \"\"\"\n        screen = None\n        stacktrace = None\n    \n        end_time = time.monotonic() + self._timeout\n        while True:\n            try:\n                value = method(self._driver)\n                if value:\n                    return value\n            except self._ignored_exceptions as exc:\n                screen = getattr(exc, \"screen\", None)\n                stacktrace = getattr(exc, \"stacktrace\", None)\n            time.sleep(self._poll)\n            if time.monotonic() > end_time:\n                break\n>       raise TimeoutException(message, screen, stacktrace)\nE       selenium.common.exceptions.TimeoutException: Message:\n\nvenv\\lib\\site-packages\\selenium\\webdriver\\support\\wait.py:95: TimeoutException"}, "description": "При клике на вопрос открывается соответствующий текст ответа", "steps": [{"name": "Клик на второй вопрос", "status": "broken", "statusDetails": {"message": "selenium.common.exceptions.TimeoutException: Message: \n\n", "trace": "  File \"C:\\Users\\afisher\\Documents\\PythonYaPracticum\\Sprint4__\\venv\\lib\\site-packages\\allure_commons\\_allure.py\", line 192, in impl\n    return func(*a, **kw)\n  File \"C:\\Users\\afisher\\Documents\\PythonYaPracticum\\Sprint4__\\page_objects\\quistions_page.py\", line 25, in click_second_question\n    element = WebDriverWait(self.browser, 30).until(\n  File \"C:\\Users\\afisher\\Documents\\PythonYaPracticum\\Sprint4__\\venv\\lib\\site-packages\\selenium\\webdriver\\support\\wait.py\", line 95, in until\n    raise TimeoutException(message, screen, stacktrace)\n"}, "start": 1689923236657, "stop": 1689923267198}], "parameters": [{"name": "question_number", "value": "2"}], "start": 1689923196229, "stop": 1689923267198, "uuid": "12205159-7051-4844-ac8f-57feeeaa8788", "historyId": "5c3cbd20856ea2eed17f1c62fa3e1429", "testCaseId": "afc56598d90a88d1c421bcada5ce1901", "fullName": "tests.test_questions.TestQuestions#test_question", "labels": [{"name": "parentSuite", "value": "tests"}, {"name": "suite", "value": "test_questions"}, {"name": "subSuite", "value": "TestQuestions"}, {"name": "host", "value": "GDSpb2836"}, {"name": "thread", "value": "25832-MainThread"}, {"name": "framework", "value": "pytest"}, {"name": "language", "value": "cpython3"}, {"name": "package", "value": "tests.test_questions"}]}